{
  "stats": {
    "suites": 2,
    "tests": 20,
    "passes": 20,
    "pending": 0,
    "failures": 0,
    "start": "2021-10-25T11:29:17.325Z",
    "end": "2021-10-25T11:29:17.337Z",
    "duration": 12,
    "testsRegistered": 20,
    "passPercent": 100,
    "pendingPercent": 0,
    "other": 0,
    "hasOther": false,
    "skipped": 0,
    "hasSkipped": false
  },
  "results": [
    {
      "uuid": "9b7e5c88-61c7-45f8-b6b4-378e118acfe0",
      "title": "",
      "fullFile": "",
      "file": "",
      "beforeHooks": [],
      "afterHooks": [],
      "tests": [],
      "suites": [
        {
          "uuid": "1c337c66-a66b-4613-957a-27727f98596b",
          "title": "test positive ",
          "fullFile": "C:\\Users\\Hripsime_Yeghiazarya\\WebstormProjects\\unit testing\\test\\specs\\calc.spec.js",
          "file": "\\test\\specs\\calc.spec.js",
          "beforeHooks": [],
          "afterHooks": [],
          "tests": [
            {
              "title": "return sum of 5 and 5 ",
              "fullTitle": "test positive  return sum of 5 and 5 ",
              "timedOut": false,
              "duration": 0,
              "state": "passed",
              "speed": "fast",
              "pass": true,
              "fail": false,
              "pending": false,
              "context": null,
              "code": "expect(operations.add(5,5)).to.be.equal(10);",
              "err": {},
              "uuid": "aa4b7db8-ae10-49f4-b54c-eaf354a3a469",
              "parentUUID": "1c337c66-a66b-4613-957a-27727f98596b",
              "isHook": false,
              "skipped": false
            },
            {
              "title": "return sum of 10 and 5 ",
              "fullTitle": "test positive  return sum of 10 and 5 ",
              "timedOut": false,
              "duration": 0,
              "state": "passed",
              "speed": "fast",
              "pass": true,
              "fail": false,
              "pending": false,
              "context": null,
              "code": "expect(operations.add(10,-5)).to.be.equal(5);",
              "err": {},
              "uuid": "d98f031d-f728-4bfc-8cc9-766ce31c5085",
              "parentUUID": "1c337c66-a66b-4613-957a-27727f98596b",
              "isHook": false,
              "skipped": false
            },
            {
              "title": "return subtraction of 10 and 5",
              "fullTitle": "test positive  return subtraction of 10 and 5",
              "timedOut": false,
              "duration": 1,
              "state": "passed",
              "speed": "fast",
              "pass": true,
              "fail": false,
              "pending": false,
              "context": null,
              "code": "expect(operations.sub(10,5)).to.be.equal(5)",
              "err": {},
              "uuid": "f63c122f-81a3-411c-be67-ca4bb27cf8cb",
              "parentUUID": "1c337c66-a66b-4613-957a-27727f98596b",
              "isHook": false,
              "skipped": false
            },
            {
              "title": "return subtraction of 10 and 15",
              "fullTitle": "test positive  return subtraction of 10 and 15",
              "timedOut": false,
              "duration": 0,
              "state": "passed",
              "speed": "fast",
              "pass": true,
              "fail": false,
              "pending": false,
              "context": null,
              "code": "expect(operations.sub(10,15)).to.be.equal(-5)",
              "err": {},
              "uuid": "3d0ff92e-8c8c-4c99-b909-42fd914a1ca6",
              "parentUUID": "1c337c66-a66b-4613-957a-27727f98596b",
              "isHook": false,
              "skipped": false
            },
            {
              "title": "return multiply of 5 and 5 ",
              "fullTitle": "test positive  return multiply of 5 and 5 ",
              "timedOut": false,
              "duration": 0,
              "state": "passed",
              "speed": "fast",
              "pass": true,
              "fail": false,
              "pending": false,
              "context": null,
              "code": "expect(operations.mul(5,5)).to.be.equal(25)",
              "err": {},
              "uuid": "0c62f3d7-7314-44b5-a15a-42ef833ad633",
              "parentUUID": "1c337c66-a66b-4613-957a-27727f98596b",
              "isHook": false,
              "skipped": false
            },
            {
              "title": "return multiply of 0 and 5 ",
              "fullTitle": "test positive  return multiply of 0 and 5 ",
              "timedOut": false,
              "duration": 0,
              "state": "passed",
              "speed": "fast",
              "pass": true,
              "fail": false,
              "pending": false,
              "context": null,
              "code": "expect(operations.mul(0,5)).to.be.equal(0)",
              "err": {},
              "uuid": "992849cf-d9ed-4e65-a2cb-83cd46f50181",
              "parentUUID": "1c337c66-a66b-4613-957a-27727f98596b",
              "isHook": false,
              "skipped": false
            },
            {
              "title": "return divisor of 10 and 0 ",
              "fullTitle": "test positive  return divisor of 10 and 0 ",
              "timedOut": false,
              "duration": 0,
              "state": "passed",
              "speed": "fast",
              "pass": true,
              "fail": false,
              "pending": false,
              "context": null,
              "code": "expect(operations.div(10,0)).to.be.equal(\"Don't use the 0 as an value\")",
              "err": {},
              "uuid": "a8c39918-4289-4d62-8fde-c12dc208e4d9",
              "parentUUID": "1c337c66-a66b-4613-957a-27727f98596b",
              "isHook": false,
              "skipped": false
            },
            {
              "title": "return divisor of 100 and 5 ",
              "fullTitle": "test positive  return divisor of 100 and 5 ",
              "timedOut": false,
              "duration": 1,
              "state": "passed",
              "speed": "fast",
              "pass": true,
              "fail": false,
              "pending": false,
              "context": null,
              "code": "expect(operations.div(100,5)).to.be.equal(20)",
              "err": {},
              "uuid": "a876ff22-02da-4262-a606-f3055633ac61",
              "parentUUID": "1c337c66-a66b-4613-957a-27727f98596b",
              "isHook": false,
              "skipped": false
            }
          ],
          "suites": [],
          "passes": [
            "aa4b7db8-ae10-49f4-b54c-eaf354a3a469",
            "d98f031d-f728-4bfc-8cc9-766ce31c5085",
            "f63c122f-81a3-411c-be67-ca4bb27cf8cb",
            "3d0ff92e-8c8c-4c99-b909-42fd914a1ca6",
            "0c62f3d7-7314-44b5-a15a-42ef833ad633",
            "992849cf-d9ed-4e65-a2cb-83cd46f50181",
            "a8c39918-4289-4d62-8fde-c12dc208e4d9",
            "a876ff22-02da-4262-a606-f3055633ac61"
          ],
          "failures": [],
          "pending": [],
          "skipped": [],
          "duration": 2,
          "root": false,
          "rootEmpty": false,
          "_timeout": 2000
        },
        {
          "uuid": "fc76bd1b-37f6-4e95-a0c6-8315763072b6",
          "title": "negative testing",
          "fullFile": "C:\\Users\\Hripsime_Yeghiazarya\\WebstormProjects\\unit testing\\test\\specs\\calc.spec.js",
          "file": "\\test\\specs\\calc.spec.js",
          "beforeHooks": [],
          "afterHooks": [],
          "tests": [
            {
              "title": "use only numbers, abc+4 is invalid",
              "fullTitle": "negative testing use only numbers, abc+4 is invalid",
              "timedOut": false,
              "duration": 1,
              "state": "passed",
              "speed": "fast",
              "pass": true,
              "fail": false,
              "pending": false,
              "context": null,
              "code": "expect(operations.add('abc', 4)).to.be.equal(false)",
              "err": {},
              "uuid": "92ab2931-a756-4b08-be10-40ff18f43c70",
              "parentUUID": "fc76bd1b-37f6-4e95-a0c6-8315763072b6",
              "isHook": false,
              "skipped": false
            },
            {
              "title": "use only numbers, '8'+'4' is invalid",
              "fullTitle": "negative testing use only numbers, '8'+'4' is invalid",
              "timedOut": false,
              "duration": 0,
              "state": "passed",
              "speed": "fast",
              "pass": true,
              "fail": false,
              "pending": false,
              "context": null,
              "code": "expect(operations.add(\"8\", \"4\")).to.be.equal(false)",
              "err": {},
              "uuid": "83c1edfa-e34b-4f0a-a71e-28a75eaa521b",
              "parentUUID": "fc76bd1b-37f6-4e95-a0c6-8315763072b6",
              "isHook": false,
              "skipped": false
            },
            {
              "title": "use only numbers, 0+str is invalid",
              "fullTitle": "negative testing use only numbers, 0+str is invalid",
              "timedOut": false,
              "duration": 0,
              "state": "passed",
              "speed": "fast",
              "pass": true,
              "fail": false,
              "pending": false,
              "context": null,
              "code": "expect(operations.add(0, \"str\")).to.be.equal(false)",
              "err": {},
              "uuid": "eaaf2f9b-3c59-4309-9738-bd1c7b466bda",
              "parentUUID": "fc76bd1b-37f6-4e95-a0c6-8315763072b6",
              "isHook": false,
              "skipped": false
            },
            {
              "title": "use only numbers,15-'2' is invalid",
              "fullTitle": "negative testing use only numbers,15-'2' is invalid",
              "timedOut": false,
              "duration": 1,
              "state": "passed",
              "speed": "fast",
              "pass": true,
              "fail": false,
              "pending": false,
              "context": null,
              "code": "expect(operations.sub(15, '2')).to.be.equal(false)",
              "err": {},
              "uuid": "15f642de-972e-4614-a500-3e896927b571",
              "parentUUID": "fc76bd1b-37f6-4e95-a0c6-8315763072b6",
              "isHook": false,
              "skipped": false
            },
            {
              "title": "use only numbers, str-20 is invalid",
              "fullTitle": "negative testing use only numbers, str-20 is invalid",
              "timedOut": false,
              "duration": 0,
              "state": "passed",
              "speed": "fast",
              "pass": true,
              "fail": false,
              "pending": false,
              "context": null,
              "code": "expect(operations.sub('str', 20)).to.be.equal(false)",
              "err": {},
              "uuid": "48d2602e-c470-488d-b080-998d1ecced6c",
              "parentUUID": "fc76bd1b-37f6-4e95-a0c6-8315763072b6",
              "isHook": false,
              "skipped": false
            },
            {
              "title": "use only numbers,true-1 is invalid",
              "fullTitle": "negative testing use only numbers,true-1 is invalid",
              "timedOut": false,
              "duration": 0,
              "state": "passed",
              "speed": "fast",
              "pass": true,
              "fail": false,
              "pending": false,
              "context": null,
              "code": "expect(operations.sub(true, 1)).to.be.equal(false)",
              "err": {},
              "uuid": "c963279c-b51d-4bf1-aa0a-6a5058a9de5a",
              "parentUUID": "fc76bd1b-37f6-4e95-a0c6-8315763072b6",
              "isHook": false,
              "skipped": false
            },
            {
              "title": "use only numbers,null*4 is invalid",
              "fullTitle": "negative testing use only numbers,null*4 is invalid",
              "timedOut": false,
              "duration": 0,
              "state": "passed",
              "speed": "fast",
              "pass": true,
              "fail": false,
              "pending": false,
              "context": null,
              "code": "expect(operations.mul(null, 4)).to.be.equal(false)",
              "err": {},
              "uuid": "8279576e-818a-4d3d-b889-1fec023a79fa",
              "parentUUID": "fc76bd1b-37f6-4e95-a0c6-8315763072b6",
              "isHook": false,
              "skipped": false
            },
            {
              "title": "use only numbers, str*'40' is invalid",
              "fullTitle": "negative testing use only numbers, str*'40' is invalid",
              "timedOut": false,
              "duration": 0,
              "state": "passed",
              "speed": "fast",
              "pass": true,
              "fail": false,
              "pending": false,
              "context": null,
              "code": "expect(operations.mul(\"str\", \"40\")).to.be.equal(false)",
              "err": {},
              "uuid": "cf108f90-70c2-48ff-adbf-133dd6b69b05",
              "parentUUID": "fc76bd1b-37f6-4e95-a0c6-8315763072b6",
              "isHook": false,
              "skipped": false
            },
            {
              "title": "use only numbers, 0*str is invalid",
              "fullTitle": "negative testing use only numbers, 0*str is invalid",
              "timedOut": false,
              "duration": 0,
              "state": "passed",
              "speed": "fast",
              "pass": true,
              "fail": false,
              "pending": false,
              "context": null,
              "code": "expect(operations.mul(0, \"str\")).to.be.equal(false)",
              "err": {},
              "uuid": "b631423a-51a8-483f-bffb-275db3be5160",
              "parentUUID": "fc76bd1b-37f6-4e95-a0c6-8315763072b6",
              "isHook": false,
              "skipped": false
            },
            {
              "title": "use only numbers, ''/'' is invalid",
              "fullTitle": "negative testing use only numbers, ''/'' is invalid",
              "timedOut": false,
              "duration": 0,
              "state": "passed",
              "speed": "fast",
              "pass": true,
              "fail": false,
              "pending": false,
              "context": null,
              "code": "expect(operations.div(\"\",  \"\")).to.be.equal(\"Use only numbers\")",
              "err": {},
              "uuid": "ab30b6b2-76fd-443d-babd-5ce595bfc351",
              "parentUUID": "fc76bd1b-37f6-4e95-a0c6-8315763072b6",
              "isHook": false,
              "skipped": false
            },
            {
              "title": "use only numbers, str/'4' is invalid",
              "fullTitle": "negative testing use only numbers, str/'4' is invalid",
              "timedOut": false,
              "duration": 0,
              "state": "passed",
              "speed": "fast",
              "pass": true,
              "fail": false,
              "pending": false,
              "context": null,
              "code": "expect(operations.div(\"str\", \"4\")).to.be.equal(\"Use only numbers\")",
              "err": {},
              "uuid": "d1b9d556-8c07-49b9-8625-3bbbabcc1a3c",
              "parentUUID": "fc76bd1b-37f6-4e95-a0c6-8315763072b6",
              "isHook": false,
              "skipped": false
            },
            {
              "title": "use only numbers, '10'/0 is invalid",
              "fullTitle": "negative testing use only numbers, '10'/0 is invalid",
              "timedOut": false,
              "duration": 0,
              "state": "passed",
              "speed": "fast",
              "pass": true,
              "fail": false,
              "pending": false,
              "context": null,
              "code": "expect(operations.div(10, 0)).to.be.equal(\"Don't use the 0 as an value\")",
              "err": {},
              "uuid": "1065f8de-505c-42ca-8800-a1996adb02d4",
              "parentUUID": "fc76bd1b-37f6-4e95-a0c6-8315763072b6",
              "isHook": false,
              "skipped": false
            }
          ],
          "suites": [],
          "passes": [
            "92ab2931-a756-4b08-be10-40ff18f43c70",
            "83c1edfa-e34b-4f0a-a71e-28a75eaa521b",
            "eaaf2f9b-3c59-4309-9738-bd1c7b466bda",
            "15f642de-972e-4614-a500-3e896927b571",
            "48d2602e-c470-488d-b080-998d1ecced6c",
            "c963279c-b51d-4bf1-aa0a-6a5058a9de5a",
            "8279576e-818a-4d3d-b889-1fec023a79fa",
            "cf108f90-70c2-48ff-adbf-133dd6b69b05",
            "b631423a-51a8-483f-bffb-275db3be5160",
            "ab30b6b2-76fd-443d-babd-5ce595bfc351",
            "d1b9d556-8c07-49b9-8625-3bbbabcc1a3c",
            "1065f8de-505c-42ca-8800-a1996adb02d4"
          ],
          "failures": [],
          "pending": [],
          "skipped": [],
          "duration": 2,
          "root": false,
          "rootEmpty": false,
          "_timeout": 2000
        }
      ],
      "passes": [],
      "failures": [],
      "pending": [],
      "skipped": [],
      "duration": 0,
      "root": true,
      "rootEmpty": true,
      "_timeout": 2000
    }
  ],
  "meta": {
    "mocha": {
      "version": "9.1.3"
    },
    "mochawesome": {
      "options": {
        "quiet": false,
        "reportFilename": "mochawesome",
        "saveHtml": true,
        "saveJson": true,
        "consoleReporter": "spec",
        "useInlineDiffs": false,
        "code": true
      },
      "version": "6.3.1"
    },
    "marge": {
      "options": null,
      "version": "5.2.0"
    }
  }
}